{"/home/aydin/Develop/Projects/shoppingify/express/server.js": {"path":"/home/aydin/Develop/Projects/shoppingify/express/server.js","statementMap":{"0":{"start":{"line":17,"column":18},"end":{"line":17,"column":32}},"1":{"start":{"line":19,"column":0},"end":{"line":19,"column":16}},"2":{"start":{"line":20,"column":0},"end":{"line":20,"column":34}},"3":{"start":{"line":22,"column":12},"end":{"line":22,"column":21}},"4":{"start":{"line":24,"column":0},"end":{"line":33,"column":1}},"5":{"start":{"line":25,"column":2},"end":{"line":32,"column":4}},"6":{"start":{"line":27,"column":6},"end":{"line":27,"column":34}},"7":{"start":{"line":30,"column":6},"end":{"line":30,"column":42}},"8":{"start":{"line":35,"column":0},"end":{"line":35,"column":55}},"9":{"start":{"line":36,"column":0},"end":{"line":36,"column":18}},"10":{"start":{"line":37,"column":0},"end":{"line":37,"column":24}},"11":{"start":{"line":38,"column":0},"end":{"line":38,"column":24}},"12":{"start":{"line":39,"column":0},"end":{"line":39,"column":23}},"13":{"start":{"line":40,"column":0},"end":{"line":40,"column":25}},"14":{"start":{"line":41,"column":0},"end":{"line":41,"column":47}},"15":{"start":{"line":42,"column":0},"end":{"line":42,"column":33}},"16":{"start":{"line":43,"column":0},"end":{"line":43,"column":41}},"17":{"start":{"line":44,"column":0},"end":{"line":44,"column":49}},"18":{"start":{"line":45,"column":0},"end":{"line":45,"column":33}},"19":{"start":{"line":47,"column":0},"end":{"line":49,"column":3}},"20":{"start":{"line":48,"column":2},"end":{"line":48,"column":75}},"21":{"start":{"line":51,"column":0},"end":{"line":53,"column":3}},"22":{"start":{"line":52,"column":2},"end":{"line":52,"column":49}},"23":{"start":{"line":55,"column":0},"end":{"line":55,"column":22}},"24":{"start":{"line":57,"column":0},"end":{"line":61,"column":1}},"25":{"start":{"line":58,"column":2},"end":{"line":60,"column":5}},"26":{"start":{"line":59,"column":4},"end":{"line":59,"column":34}}},"fnMap":{"0":{"name":"(anonymous_0)","decl":{"start":{"line":26,"column":4},"end":{"line":26,"column":5}},"loc":{"start":{"line":26,"column":10},"end":{"line":28,"column":5}},"line":26},"1":{"name":"(anonymous_1)","decl":{"start":{"line":29,"column":4},"end":{"line":29,"column":5}},"loc":{"start":{"line":29,"column":16},"end":{"line":31,"column":5}},"line":29},"2":{"name":"(anonymous_2)","decl":{"start":{"line":47,"column":18},"end":{"line":47,"column":19}},"loc":{"start":{"line":47,"column":39},"end":{"line":49,"column":1}},"line":47},"3":{"name":"(anonymous_3)","decl":{"start":{"line":51,"column":13},"end":{"line":51,"column":14}},"loc":{"start":{"line":51,"column":28},"end":{"line":53,"column":1}},"line":51},"4":{"name":"(anonymous_4)","decl":{"start":{"line":58,"column":39},"end":{"line":58,"column":40}},"loc":{"start":{"line":58,"column":45},"end":{"line":60,"column":3}},"line":58}},"branchMap":{"0":{"loc":{"start":{"line":24,"column":0},"end":{"line":33,"column":1}},"type":"if","locations":[{"start":{"line":24,"column":0},"end":{"line":33,"column":1}},{"start":{},"end":{}}],"line":24},"1":{"loc":{"start":{"line":57,"column":0},"end":{"line":61,"column":1}},"type":"if","locations":[{"start":{"line":57,"column":0},"end":{"line":61,"column":1}},{"start":{},"end":{}}],"line":57},"2":{"loc":{"start":{"line":58,"column":13},"end":{"line":58,"column":37}},"type":"binary-expr","locations":[{"start":{"line":58,"column":13},"end":{"line":58,"column":29}},{"start":{"line":58,"column":33},"end":{"line":58,"column":37}}],"line":58}},"s":{"0":5,"1":5,"2":5,"3":5,"4":5,"5":0,"6":0,"7":0,"8":5,"9":5,"10":5,"11":5,"12":5,"13":5,"14":5,"15":5,"16":5,"17":5,"18":5,"19":5,"20":0,"21":5,"22":0,"23":5,"24":5,"25":0,"26":0},"f":{"0":0,"1":0,"2":0,"3":0,"4":0},"b":{"0":[0,5],"1":[0,5],"2":[0,0]},"_coverageSchema":"1a1c01bbd47fc00a2c39e90264f33305004495a9","hash":"cfcf02462790c85f0dd04db50da197e463cb1c12"}
,"/home/aydin/Develop/Projects/shoppingify/express/controllers/auth.js": {"path":"/home/aydin/Develop/Projects/shoppingify/express/controllers/auth.js","statementMap":{"0":{"start":{"line":8,"column":30},"end":{"line":8,"column":38}},"1":{"start":{"line":10,"column":15},"end":{"line":10,"column":53}},"2":{"start":{"line":11,"column":16},"end":{"line":11,"column":39}},"3":{"start":{"line":12,"column":2},"end":{"line":12,"column":28}},"4":{"start":{"line":13,"column":2},"end":{"line":13,"column":40}},"5":{"start":{"line":17,"column":30},"end":{"line":17,"column":38}},"6":{"start":{"line":19,"column":15},"end":{"line":19,"column":44}},"7":{"start":{"line":20,"column":2},"end":{"line":22,"column":3}},"8":{"start":{"line":21,"column":4},"end":{"line":21,"column":53}},"9":{"start":{"line":24,"column":20},"end":{"line":24,"column":58}},"10":{"start":{"line":25,"column":2},"end":{"line":27,"column":3}},"11":{"start":{"line":26,"column":4},"end":{"line":26,"column":53}},"12":{"start":{"line":28,"column":16},"end":{"line":28,"column":39}},"13":{"start":{"line":29,"column":2},"end":{"line":29,"column":28}},"14":{"start":{"line":30,"column":2},"end":{"line":30,"column":40}},"15":{"start":{"line":34,"column":15},"end":{"line":34,"column":66}},"16":{"start":{"line":35,"column":2},"end":{"line":37,"column":3}},"17":{"start":{"line":36,"column":4},"end":{"line":36,"column":53}},"18":{"start":{"line":38,"column":2},"end":{"line":38,"column":28}},"19":{"start":{"line":41,"column":24},"end":{"line":41,"column":51}},"20":{"start":{"line":42,"column":21},"end":{"line":42,"column":45}},"21":{"start":{"line":43,"column":25},"end":{"line":43,"column":53}}},"fnMap":{"0":{"name":"registerAsync","decl":{"start":{"line":7,"column":15},"end":{"line":7,"column":28}},"loc":{"start":{"line":7,"column":39},"end":{"line":14,"column":1}},"line":7},"1":{"name":"loginAsync","decl":{"start":{"line":16,"column":15},"end":{"line":16,"column":25}},"loc":{"start":{"line":16,"column":36},"end":{"line":31,"column":1}},"line":16},"2":{"name":"myProfileAsync","decl":{"start":{"line":33,"column":15},"end":{"line":33,"column":29}},"loc":{"start":{"line":33,"column":40},"end":{"line":39,"column":1}},"line":33}},"branchMap":{"0":{"loc":{"start":{"line":20,"column":2},"end":{"line":22,"column":3}},"type":"if","locations":[{"start":{"line":20,"column":2},"end":{"line":22,"column":3}},{"start":{},"end":{}}],"line":20},"1":{"loc":{"start":{"line":25,"column":2},"end":{"line":27,"column":3}},"type":"if","locations":[{"start":{"line":25,"column":2},"end":{"line":27,"column":3}},{"start":{},"end":{}}],"line":25},"2":{"loc":{"start":{"line":35,"column":2},"end":{"line":37,"column":3}},"type":"if","locations":[{"start":{"line":35,"column":2},"end":{"line":37,"column":3}},{"start":{},"end":{}}],"line":35}},"s":{"0":7,"1":7,"2":7,"3":7,"4":7,"5":3,"6":3,"7":3,"8":1,"9":2,"10":2,"11":1,"12":1,"13":1,"14":1,"15":1,"16":1,"17":0,"18":1,"19":5,"20":5,"21":5},"f":{"0":7,"1":3,"2":1},"b":{"0":[1,2],"1":[1,1],"2":[0,1]},"_coverageSchema":"1a1c01bbd47fc00a2c39e90264f33305004495a9","hash":"612a122723237761dbd26f2b07837a45d593c806"}
,"/home/aydin/Develop/Projects/shoppingify/express/controllers/category.js": {"path":"/home/aydin/Develop/Projects/shoppingify/express/controllers/category.js","statementMap":{"0":{"start":{"line":6,"column":21},"end":{"line":6,"column":62}},"1":{"start":{"line":7,"column":2},"end":{"line":7,"column":46}},"2":{"start":{"line":11,"column":23},"end":{"line":11,"column":36}},"3":{"start":{"line":13,"column":25},"end":{"line":13,"column":91}},"4":{"start":{"line":14,"column":30},"end":{"line":14,"column":90}},"5":{"start":{"line":14,"column":64},"end":{"line":14,"column":89}},"6":{"start":{"line":15,"column":2},"end":{"line":17,"column":3}},"7":{"start":{"line":16,"column":4},"end":{"line":16,"column":83}},"8":{"start":{"line":18,"column":19},"end":{"line":18,"column":73}},"9":{"start":{"line":19,"column":2},"end":{"line":19,"column":24}},"10":{"start":{"line":20,"column":2},"end":{"line":20,"column":44}},"11":{"start":{"line":23,"column":29},"end":{"line":23,"column":61}},"12":{"start":{"line":24,"column":30},"end":{"line":24,"column":63}}},"fnMap":{"0":{"name":"getCategoriesAsync","decl":{"start":{"line":5,"column":15},"end":{"line":5,"column":33}},"loc":{"start":{"line":5,"column":44},"end":{"line":8,"column":1}},"line":5},"1":{"name":"createCategoryAsync","decl":{"start":{"line":10,"column":15},"end":{"line":10,"column":34}},"loc":{"start":{"line":10,"column":45},"end":{"line":21,"column":1}},"line":10},"2":{"name":"(anonymous_2)","decl":{"start":{"line":14,"column":55},"end":{"line":14,"column":56}},"loc":{"start":{"line":14,"column":64},"end":{"line":14,"column":89}},"line":14}},"branchMap":{"0":{"loc":{"start":{"line":15,"column":2},"end":{"line":17,"column":3}},"type":"if","locations":[{"start":{"line":15,"column":2},"end":{"line":17,"column":3}},{"start":{},"end":{}}],"line":15}},"s":{"0":1,"1":1,"2":2,"3":2,"4":2,"5":1,"6":2,"7":1,"8":1,"9":1,"10":1,"11":5,"12":5},"f":{"0":1,"1":2,"2":1},"b":{"0":[1,1]},"_coverageSchema":"1a1c01bbd47fc00a2c39e90264f33305004495a9","hash":"268b58590802e0140309de29be38dca88abb9526"}
,"/home/aydin/Develop/Projects/shoppingify/express/controllers/item.js": {"path":"/home/aydin/Develop/Projects/shoppingify/express/controllers/item.js","statementMap":{"0":{"start":{"line":7,"column":17},"end":{"line":7,"column":27}},"1":{"start":{"line":8,"column":15},"end":{"line":8,"column":38}},"2":{"start":{"line":9,"column":2},"end":{"line":9,"column":27}},"3":{"start":{"line":13,"column":42},"end":{"line":13,"column":50}},"4":{"start":{"line":15,"column":29},"end":{"line":19,"column":3}},"5":{"start":{"line":20,"column":18},"end":{"line":26,"column":4}},"6":{"start":{"line":27,"column":17},"end":{"line":27,"column":37}},"7":{"start":{"line":28,"column":2},"end":{"line":28,"column":49}},"8":{"start":{"line":30,"column":2},"end":{"line":30,"column":43}},"9":{"start":{"line":34,"column":16},"end":{"line":34,"column":53}},"10":{"start":{"line":35,"column":2},"end":{"line":35,"column":34}},"11":{"start":{"line":39,"column":17},"end":{"line":39,"column":27}},"12":{"start":{"line":40,"column":15},"end":{"line":40,"column":38}},"13":{"start":{"line":41,"column":2},"end":{"line":41,"column":47}},"14":{"start":{"line":42,"column":2},"end":{"line":42,"column":22}},"15":{"start":{"line":43,"column":2},"end":{"line":43,"column":60}},"16":{"start":{"line":46,"column":26},"end":{"line":46,"column":55}},"17":{"start":{"line":47,"column":27},"end":{"line":47,"column":57}},"18":{"start":{"line":48,"column":26},"end":{"line":48,"column":55}},"19":{"start":{"line":49,"column":23},"end":{"line":49,"column":49}}},"fnMap":{"0":{"name":"getItemAsync","decl":{"start":{"line":6,"column":15},"end":{"line":6,"column":27}},"loc":{"start":{"line":6,"column":38},"end":{"line":10,"column":1}},"line":6},"1":{"name":"createItemAsync","decl":{"start":{"line":12,"column":15},"end":{"line":12,"column":30}},"loc":{"start":{"line":12,"column":41},"end":{"line":31,"column":1}},"line":12},"2":{"name":"getAllItemsAsync","decl":{"start":{"line":33,"column":15},"end":{"line":33,"column":31}},"loc":{"start":{"line":33,"column":42},"end":{"line":36,"column":1}},"line":33},"3":{"name":"deleteItemAsync","decl":{"start":{"line":38,"column":15},"end":{"line":38,"column":30}},"loc":{"start":{"line":38,"column":41},"end":{"line":44,"column":1}},"line":38}},"branchMap":{},"s":{"0":1,"1":1,"2":1,"3":5,"4":5,"5":5,"6":5,"7":5,"8":5,"9":1,"10":1,"11":2,"12":2,"13":2,"14":1,"15":1,"16":5,"17":5,"18":5,"19":5},"f":{"0":1,"1":5,"2":1,"3":2},"b":{},"_coverageSchema":"1a1c01bbd47fc00a2c39e90264f33305004495a9","hash":"1cdf251c88df63d5d39b11fe5e8d6d8db2e19ce7"}
,"/home/aydin/Develop/Projects/shoppingify/express/controllers/shoppingList.js": {"path":"/home/aydin/Develop/Projects/shoppingify/express/controllers/shoppingList.js","statementMap":{"0":{"start":{"line":10,"column":26},"end":{"line":10,"column":34}},"1":{"start":{"line":11,"column":18},"end":{"line":11,"column":62}},"2":{"start":{"line":13,"column":2},"end":{"line":13,"column":21}},"3":{"start":{"line":14,"column":2},"end":{"line":20,"column":3}},"4":{"start":{"line":15,"column":4},"end":{"line":19,"column":7}},"5":{"start":{"line":16,"column":22},"end":{"line":16,"column":81}},"6":{"start":{"line":18,"column":6},"end":{"line":18,"column":34}},"7":{"start":{"line":21,"column":2},"end":{"line":21,"column":23}},"8":{"start":{"line":22,"column":2},"end":{"line":22,"column":87}},"9":{"start":{"line":23,"column":2},"end":{"line":23,"column":39}},"10":{"start":{"line":27,"column":18},"end":{"line":27,"column":20}},"11":{"start":{"line":28,"column":2},"end":{"line":32,"column":5}},"12":{"start":{"line":29,"column":4},"end":{"line":31,"column":5}},"13":{"start":{"line":30,"column":6},"end":{"line":30,"column":37}},"14":{"start":{"line":33,"column":22},"end":{"line":33,"column":97}},"15":{"start":{"line":34,"column":2},"end":{"line":34,"column":43}},"16":{"start":{"line":38,"column":15},"end":{"line":38,"column":57}},"17":{"start":{"line":39,"column":2},"end":{"line":41,"column":3}},"18":{"start":{"line":40,"column":4},"end":{"line":40,"column":41}},"19":{"start":{"line":42,"column":2},"end":{"line":44,"column":3}},"20":{"start":{"line":43,"column":4},"end":{"line":43,"column":45}},"21":{"start":{"line":45,"column":2},"end":{"line":45,"column":22}},"22":{"start":{"line":46,"column":2},"end":{"line":46,"column":54}},"23":{"start":{"line":69,"column":15},"end":{"line":69,"column":77}},"24":{"start":{"line":71,"column":2},"end":{"line":71,"column":36}},"25":{"start":{"line":75,"column":31},"end":{"line":75,"column":39}},"26":{"start":{"line":76,"column":15},"end":{"line":76,"column":57}},"27":{"start":{"line":77,"column":20},"end":{"line":77,"column":43}},"28":{"start":{"line":78,"column":2},"end":{"line":78,"column":47}},"29":{"start":{"line":79,"column":2},"end":{"line":82,"column":4}},"30":{"start":{"line":83,"column":2},"end":{"line":83,"column":46}},"31":{"start":{"line":105,"column":32},"end":{"line":105,"column":40}},"32":{"start":{"line":106,"column":15},"end":{"line":106,"column":57}},"33":{"start":{"line":107,"column":2},"end":{"line":109,"column":3}},"34":{"start":{"line":108,"column":4},"end":{"line":108,"column":41}},"35":{"start":{"line":110,"column":2},"end":{"line":112,"column":3}},"36":{"start":{"line":111,"column":4},"end":{"line":111,"column":45}},"37":{"start":{"line":113,"column":21},"end":{"line":113,"column":82}},"38":{"start":{"line":113,"column":53},"end":{"line":113,"column":81}},"39":{"start":{"line":114,"column":2},"end":{"line":118,"column":3}},"40":{"start":{"line":115,"column":4},"end":{"line":115,"column":43}},"41":{"start":{"line":116,"column":4},"end":{"line":116,"column":39}},"42":{"start":{"line":117,"column":4},"end":{"line":117,"column":22}},"43":{"start":{"line":119,"column":2},"end":{"line":119,"column":64}},"44":{"start":{"line":123,"column":17},"end":{"line":123,"column":27}},"45":{"start":{"line":124,"column":15},"end":{"line":124,"column":46}},"46":{"start":{"line":125,"column":2},"end":{"line":127,"column":3}},"47":{"start":{"line":126,"column":4},"end":{"line":126,"column":46}},"48":{"start":{"line":129,"column":2},"end":{"line":131,"column":3}},"49":{"start":{"line":130,"column":4},"end":{"line":130,"column":45}},"50":{"start":{"line":132,"column":2},"end":{"line":132,"column":29}},"51":{"start":{"line":135,"column":34},"end":{"line":135,"column":71}},"52":{"start":{"line":136,"column":34},"end":{"line":136,"column":71}},"53":{"start":{"line":137,"column":34},"end":{"line":137,"column":71}},"54":{"start":{"line":139,"column":41},"end":{"line":139,"column":85}},"55":{"start":{"line":140,"column":23},"end":{"line":140,"column":49}},"56":{"start":{"line":142,"column":26},"end":{"line":142,"column":55}},"57":{"start":{"line":143,"column":31},"end":{"line":143,"column":65}}},"fnMap":{"0":{"name":"createShoppingListAsync","decl":{"start":{"line":9,"column":15},"end":{"line":9,"column":38}},"loc":{"start":{"line":9,"column":49},"end":{"line":24,"column":1}},"line":9},"1":{"name":"(anonymous_1)","decl":{"start":{"line":15,"column":18},"end":{"line":15,"column":19}},"loc":{"start":{"line":15,"column":31},"end":{"line":19,"column":5}},"line":15},"2":{"name":"updateShoppingListAsync","decl":{"start":{"line":26,"column":15},"end":{"line":26,"column":38}},"loc":{"start":{"line":26,"column":49},"end":{"line":35,"column":1}},"line":26},"3":{"name":"(anonymous_3)","decl":{"start":{"line":28,"column":38},"end":{"line":28,"column":39}},"loc":{"start":{"line":28,"column":48},"end":{"line":32,"column":3}},"line":28},"4":{"name":"removeShoppingListAsync","decl":{"start":{"line":37,"column":15},"end":{"line":37,"column":38}},"loc":{"start":{"line":37,"column":49},"end":{"line":47,"column":1}},"line":37},"5":{"name":"getAllShoppingListsOfUserAsync","decl":{"start":{"line":68,"column":15},"end":{"line":68,"column":45}},"loc":{"start":{"line":68,"column":56},"end":{"line":72,"column":1}},"line":68},"6":{"name":"addItemAsync","decl":{"start":{"line":74,"column":15},"end":{"line":74,"column":27}},"loc":{"start":{"line":74,"column":38},"end":{"line":84,"column":1}},"line":74},"7":{"name":"updateItemAsync","decl":{"start":{"line":104,"column":15},"end":{"line":104,"column":30}},"loc":{"start":{"line":104,"column":41},"end":{"line":120,"column":1}},"line":104},"8":{"name":"(anonymous_8)","decl":{"start":{"line":113,"column":42},"end":{"line":113,"column":43}},"loc":{"start":{"line":113,"column":53},"end":{"line":113,"column":81}},"line":113},"9":{"name":"getShoppingListAsync","decl":{"start":{"line":122,"column":15},"end":{"line":122,"column":35}},"loc":{"start":{"line":122,"column":46},"end":{"line":133,"column":1}},"line":122}},"branchMap":{"0":{"loc":{"start":{"line":14,"column":2},"end":{"line":20,"column":3}},"type":"if","locations":[{"start":{"line":14,"column":2},"end":{"line":20,"column":3}},{"start":{},"end":{}}],"line":14},"1":{"loc":{"start":{"line":29,"column":4},"end":{"line":31,"column":5}},"type":"if","locations":[{"start":{"line":29,"column":4},"end":{"line":31,"column":5}},{"start":{},"end":{}}],"line":29},"2":{"loc":{"start":{"line":39,"column":2},"end":{"line":41,"column":3}},"type":"if","locations":[{"start":{"line":39,"column":2},"end":{"line":41,"column":3}},{"start":{},"end":{}}],"line":39},"3":{"loc":{"start":{"line":42,"column":2},"end":{"line":44,"column":3}},"type":"if","locations":[{"start":{"line":42,"column":2},"end":{"line":44,"column":3}},{"start":{},"end":{}}],"line":42},"4":{"loc":{"start":{"line":107,"column":2},"end":{"line":109,"column":3}},"type":"if","locations":[{"start":{"line":107,"column":2},"end":{"line":109,"column":3}},{"start":{},"end":{}}],"line":107},"5":{"loc":{"start":{"line":110,"column":2},"end":{"line":112,"column":3}},"type":"if","locations":[{"start":{"line":110,"column":2},"end":{"line":112,"column":3}},{"start":{},"end":{}}],"line":110},"6":{"loc":{"start":{"line":114,"column":2},"end":{"line":118,"column":3}},"type":"if","locations":[{"start":{"line":114,"column":2},"end":{"line":118,"column":3}},{"start":{},"end":{}}],"line":114},"7":{"loc":{"start":{"line":125,"column":2},"end":{"line":127,"column":3}},"type":"if","locations":[{"start":{"line":125,"column":2},"end":{"line":127,"column":3}},{"start":{},"end":{}}],"line":125},"8":{"loc":{"start":{"line":129,"column":2},"end":{"line":131,"column":3}},"type":"if","locations":[{"start":{"line":129,"column":2},"end":{"line":131,"column":3}},{"start":{},"end":{}}],"line":129}},"s":{"0":1,"1":1,"2":1,"3":1,"4":1,"5":2,"6":2,"7":1,"8":1,"9":1,"10":0,"11":0,"12":0,"13":0,"14":0,"15":0,"16":0,"17":0,"18":0,"19":0,"20":0,"21":0,"22":0,"23":1,"24":1,"25":1,"26":1,"27":1,"28":1,"29":1,"30":1,"31":0,"32":0,"33":0,"34":0,"35":0,"36":0,"37":0,"38":0,"39":0,"40":0,"41":0,"42":0,"43":0,"44":3,"45":3,"46":3,"47":1,"48":2,"49":1,"50":1,"51":5,"52":5,"53":5,"54":5,"55":5,"56":5,"57":5},"f":{"0":1,"1":2,"2":0,"3":0,"4":0,"5":1,"6":1,"7":0,"8":0,"9":3},"b":{"0":[1,0],"1":[0,0],"2":[0,0],"3":[0,0],"4":[0,0],"5":[0,0],"6":[0,0],"7":[1,2],"8":[1,1]},"_coverageSchema":"1a1c01bbd47fc00a2c39e90264f33305004495a9","hash":"bc9483a5c14d1c677883d98bfcb61c20b6576ae2"}
,"/home/aydin/Develop/Projects/shoppingify/express/controllers/stats.js": {"path":"/home/aydin/Develop/Projects/shoppingify/express/controllers/stats.js","statementMap":{"0":{"start":{"line":6,"column":15},"end":{"line":18,"column":4}},"1":{"start":{"line":19,"column":2},"end":{"line":19,"column":36}},"2":{"start":{"line":23,"column":15},"end":{"line":50,"column":4}},"3":{"start":{"line":51,"column":2},"end":{"line":51,"column":36}},"4":{"start":{"line":55,"column":15},"end":{"line":73,"column":4}},"5":{"start":{"line":74,"column":2},"end":{"line":74,"column":36}},"6":{"start":{"line":77,"column":24},"end":{"line":77,"column":51}},"7":{"start":{"line":78,"column":29},"end":{"line":78,"column":61}},"8":{"start":{"line":79,"column":28},"end":{"line":79,"column":59}}},"fnMap":{"0":{"name":"topItemsAsync","decl":{"start":{"line":5,"column":15},"end":{"line":5,"column":28}},"loc":{"start":{"line":5,"column":39},"end":{"line":20,"column":1}},"line":5},"1":{"name":"topCategoriesAsync","decl":{"start":{"line":22,"column":15},"end":{"line":22,"column":33}},"loc":{"start":{"line":22,"column":44},"end":{"line":52,"column":1}},"line":22},"2":{"name":"monthlyStatsAsync","decl":{"start":{"line":54,"column":15},"end":{"line":54,"column":32}},"loc":{"start":{"line":54,"column":43},"end":{"line":75,"column":1}},"line":54}},"branchMap":{},"s":{"0":1,"1":1,"2":1,"3":1,"4":1,"5":1,"6":5,"7":5,"8":5},"f":{"0":1,"1":1,"2":1},"b":{},"_coverageSchema":"1a1c01bbd47fc00a2c39e90264f33305004495a9","hash":"14608fe2a0119f914c9a652d6bcc38741363cb03"}
,"/home/aydin/Develop/Projects/shoppingify/express/middlewares/authenticate.js": {"path":"/home/aydin/Develop/Projects/shoppingify/express/middlewares/authenticate.js","statementMap":{"0":{"start":{"line":5,"column":2},"end":{"line":7,"column":3}},"1":{"start":{"line":6,"column":4},"end":{"line":6,"column":61}},"2":{"start":{"line":8,"column":16},"end":{"line":8,"column":55}},"3":{"start":{"line":10,"column":2},"end":{"line":16,"column":3}},"4":{"start":{"line":11,"column":20},"end":{"line":11,"column":61}},"5":{"start":{"line":12,"column":4},"end":{"line":12,"column":29}},"6":{"start":{"line":13,"column":4},"end":{"line":13,"column":11}},"7":{"start":{"line":15,"column":4},"end":{"line":15,"column":45}}},"fnMap":{"0":{"name":"authenticate","decl":{"start":{"line":4,"column":24},"end":{"line":4,"column":36}},"loc":{"start":{"line":4,"column":53},"end":{"line":17,"column":1}},"line":4}},"branchMap":{"0":{"loc":{"start":{"line":5,"column":2},"end":{"line":7,"column":3}},"type":"if","locations":[{"start":{"line":5,"column":2},"end":{"line":7,"column":3}},{"start":{},"end":{}}],"line":5}},"s":{"0":29,"1":0,"2":29,"3":29,"4":29,"5":28,"6":28,"7":1},"f":{"0":29},"b":{"0":[0,29]},"_coverageSchema":"1a1c01bbd47fc00a2c39e90264f33305004495a9","hash":"98bd7391067c749891335b420b5be12a9e883c41"}
,"/home/aydin/Develop/Projects/shoppingify/express/middlewares/errorHandler.js": {"path":"/home/aydin/Develop/Projects/shoppingify/express/middlewares/errorHandler.js","statementMap":{"0":{"start":{"line":3,"column":26},"end":{"line":6,"column":1}},"1":{"start":{"line":4,"column":18},"end":{"line":4,"column":54}},"2":{"start":{"line":5,"column":2},"end":{"line":5,"column":36}},"3":{"start":{"line":8,"column":32},"end":{"line":13,"column":1}},"4":{"start":{"line":9,"column":17},"end":{"line":9,"column":66}},"5":{"start":{"line":9,"column":55},"end":{"line":9,"column":65}},"6":{"start":{"line":11,"column":18},"end":{"line":11,"column":60}},"7":{"start":{"line":12,"column":2},"end":{"line":12,"column":36}},"8":{"start":{"line":15,"column":23},"end":{"line":15,"column":85}},"9":{"start":{"line":15,"column":29},"end":{"line":15,"column":85}},"10":{"start":{"line":17,"column":30},"end":{"line":18,"column":67}},"11":{"start":{"line":18,"column":2},"end":{"line":18,"column":67}},"12":{"start":{"line":20,"column":21},"end":{"line":27,"column":1}},"13":{"start":{"line":21,"column":2},"end":{"line":26,"column":5}},"14":{"start":{"line":29,"column":22},"end":{"line":45,"column":1}},"15":{"start":{"line":31,"column":2},"end":{"line":36,"column":3}},"16":{"start":{"line":32,"column":4},"end":{"line":35,"column":7}},"17":{"start":{"line":39,"column":2},"end":{"line":39,"column":30}},"18":{"start":{"line":41,"column":2},"end":{"line":44,"column":5}},"19":{"start":{"line":48,"column":2},"end":{"line":48,"column":41}},"20":{"start":{"line":49,"column":2},"end":{"line":49,"column":37}},"21":{"start":{"line":51,"column":2},"end":{"line":63,"column":3}},"22":{"start":{"line":52,"column":4},"end":{"line":52,"column":39}},"23":{"start":{"line":54,"column":16},"end":{"line":54,"column":26}},"24":{"start":{"line":55,"column":4},"end":{"line":55,"column":32}},"25":{"start":{"line":57,"column":4},"end":{"line":57,"column":69}},"26":{"start":{"line":57,"column":36},"end":{"line":57,"column":69}},"27":{"start":{"line":58,"column":4},"end":{"line":58,"column":81}},"28":{"start":{"line":58,"column":42},"end":{"line":58,"column":81}},"29":{"start":{"line":59,"column":4},"end":{"line":59,"column":69}},"30":{"start":{"line":59,"column":44},"end":{"line":59,"column":69}},"31":{"start":{"line":60,"column":4},"end":{"line":60,"column":76}},"32":{"start":{"line":60,"column":44},"end":{"line":60,"column":76}},"33":{"start":{"line":62,"column":4},"end":{"line":62,"column":42}}},"fnMap":{"0":{"name":"(anonymous_0)","decl":{"start":{"line":3,"column":26},"end":{"line":3,"column":27}},"loc":{"start":{"line":3,"column":35},"end":{"line":6,"column":1}},"line":3},"1":{"name":"(anonymous_1)","decl":{"start":{"line":8,"column":32},"end":{"line":8,"column":33}},"loc":{"start":{"line":8,"column":41},"end":{"line":13,"column":1}},"line":8},"2":{"name":"(anonymous_2)","decl":{"start":{"line":9,"column":47},"end":{"line":9,"column":48}},"loc":{"start":{"line":9,"column":55},"end":{"line":9,"column":65}},"line":9},"3":{"name":"(anonymous_3)","decl":{"start":{"line":15,"column":23},"end":{"line":15,"column":24}},"loc":{"start":{"line":15,"column":29},"end":{"line":15,"column":85}},"line":15},"4":{"name":"(anonymous_4)","decl":{"start":{"line":17,"column":30},"end":{"line":17,"column":31}},"loc":{"start":{"line":18,"column":2},"end":{"line":18,"column":67}},"line":18},"5":{"name":"(anonymous_5)","decl":{"start":{"line":20,"column":21},"end":{"line":20,"column":22}},"loc":{"start":{"line":20,"column":40},"end":{"line":27,"column":1}},"line":20},"6":{"name":"(anonymous_6)","decl":{"start":{"line":29,"column":22},"end":{"line":29,"column":23}},"loc":{"start":{"line":29,"column":41},"end":{"line":45,"column":1}},"line":29},"7":{"name":"errorHandler","decl":{"start":{"line":47,"column":24},"end":{"line":47,"column":36}},"loc":{"start":{"line":47,"column":58},"end":{"line":64,"column":1}},"line":47}},"branchMap":{"0":{"loc":{"start":{"line":31,"column":2},"end":{"line":36,"column":3}},"type":"if","locations":[{"start":{"line":31,"column":2},"end":{"line":36,"column":3}},{"start":{},"end":{}}],"line":31},"1":{"loc":{"start":{"line":48,"column":19},"end":{"line":48,"column":40}},"type":"binary-expr","locations":[{"start":{"line":48,"column":19},"end":{"line":48,"column":33}},{"start":{"line":48,"column":37},"end":{"line":48,"column":40}}],"line":48},"2":{"loc":{"start":{"line":49,"column":15},"end":{"line":49,"column":36}},"type":"binary-expr","locations":[{"start":{"line":49,"column":15},"end":{"line":49,"column":25}},{"start":{"line":49,"column":29},"end":{"line":49,"column":36}}],"line":49},"3":{"loc":{"start":{"line":51,"column":2},"end":{"line":63,"column":3}},"type":"if","locations":[{"start":{"line":51,"column":2},"end":{"line":63,"column":3}},{"start":{"line":53,"column":9},"end":{"line":63,"column":3}}],"line":51},"4":{"loc":{"start":{"line":57,"column":4},"end":{"line":57,"column":69}},"type":"if","locations":[{"start":{"line":57,"column":4},"end":{"line":57,"column":69}},{"start":{},"end":{}}],"line":57},"5":{"loc":{"start":{"line":58,"column":4},"end":{"line":58,"column":81}},"type":"if","locations":[{"start":{"line":58,"column":4},"end":{"line":58,"column":81}},{"start":{},"end":{}}],"line":58},"6":{"loc":{"start":{"line":59,"column":4},"end":{"line":59,"column":69}},"type":"if","locations":[{"start":{"line":59,"column":4},"end":{"line":59,"column":69}},{"start":{},"end":{}}],"line":59},"7":{"loc":{"start":{"line":60,"column":4},"end":{"line":60,"column":76}},"type":"if","locations":[{"start":{"line":60,"column":4},"end":{"line":60,"column":76}},{"start":{},"end":{}}],"line":60}},"s":{"0":5,"1":0,"2":0,"3":5,"4":0,"5":0,"6":0,"7":0,"8":5,"9":0,"10":5,"11":0,"12":5,"13":0,"14":5,"15":14,"16":14,"17":0,"18":0,"19":14,"20":14,"21":14,"22":0,"23":14,"24":14,"25":14,"26":0,"27":14,"28":0,"29":14,"30":0,"31":14,"32":0,"33":14},"f":{"0":0,"1":0,"2":0,"3":0,"4":0,"5":0,"6":14,"7":14},"b":{"0":[14,0],"1":[14,0],"2":[14,0],"3":[0,14],"4":[0,14],"5":[0,14],"6":[0,14],"7":[0,14]},"_coverageSchema":"1a1c01bbd47fc00a2c39e90264f33305004495a9","hash":"fb0be65d8086a30d98354aefc64799c1ae3b22f9"}
,"/home/aydin/Develop/Projects/shoppingify/express/middlewares/validators.js": {"path":"/home/aydin/Develop/Projects/shoppingify/express/middlewares/validators.js","statementMap":{"0":{"start":{"line":4,"column":34},"end":{"line":9,"column":1}},"1":{"start":{"line":5,"column":2},"end":{"line":7,"column":3}},"2":{"start":{"line":6,"column":4},"end":{"line":6,"column":46}},"3":{"start":{"line":8,"column":2},"end":{"line":8,"column":9}},"4":{"start":{"line":11,"column":30},"end":{"line":15,"column":1}},"5":{"start":{"line":17,"column":40},"end":{"line":20,"column":1}},"6":{"start":{"line":22,"column":36},"end":{"line":28,"column":1}},"7":{"start":{"line":30,"column":32},"end":{"line":30,"column":95}},"8":{"start":{"line":32,"column":44},"end":{"line":36,"column":1}},"9":{"start":{"line":37,"column":44},"end":{"line":42,"column":1}},"10":{"start":{"line":43,"column":48},"end":{"line":43,"column":80}},"11":{"start":{"line":44,"column":33},"end":{"line":49,"column":1}},"12":{"start":{"line":50,"column":36},"end":{"line":56,"column":1}}},"fnMap":{"0":{"name":"(anonymous_0)","decl":{"start":{"line":4,"column":34},"end":{"line":4,"column":35}},"loc":{"start":{"line":4,"column":55},"end":{"line":9,"column":1}},"line":4}},"branchMap":{"0":{"loc":{"start":{"line":5,"column":2},"end":{"line":7,"column":3}},"type":"if","locations":[{"start":{"line":5,"column":2},"end":{"line":7,"column":3}},{"start":{},"end":{}}],"line":5}},"s":{"0":5,"1":34,"2":8,"3":26,"4":5,"5":5,"6":5,"7":5,"8":5,"9":5,"10":5,"11":5,"12":5},"f":{"0":34},"b":{"0":[8,26]},"_coverageSchema":"1a1c01bbd47fc00a2c39e90264f33305004495a9","hash":"6bd8ebecebe6ddc2a6047d4736538eeb622028d8"}
,"/home/aydin/Develop/Projects/shoppingify/express/models/Category.js": {"path":"/home/aydin/Develop/Projects/shoppingify/express/models/Category.js","statementMap":{"0":{"start":{"line":3,"column":23},"end":{"line":7,"column":2}},"1":{"start":{"line":9,"column":17},"end":{"line":9,"column":59}}},"fnMap":{},"branchMap":{},"s":{"0":5,"1":5},"f":{},"b":{},"_coverageSchema":"1a1c01bbd47fc00a2c39e90264f33305004495a9","hash":"2c28da84fc1b56f31479626b93e251f0c9e87ae8"}
,"/home/aydin/Develop/Projects/shoppingify/express/models/Item.js": {"path":"/home/aydin/Develop/Projects/shoppingify/express/models/Item.js","statementMap":{"0":{"start":{"line":4,"column":19},"end":{"line":10,"column":2}},"1":{"start":{"line":12,"column":0},"end":{"line":14,"column":3}},"2":{"start":{"line":13,"column":2},"end":{"line":13,"column":28}},"3":{"start":{"line":17,"column":0},"end":{"line":27,"column":3}},"4":{"start":{"line":18,"column":16},"end":{"line":18,"column":85}},"5":{"start":{"line":20,"column":2},"end":{"line":26,"column":4}},"6":{"start":{"line":22,"column":6},"end":{"line":24,"column":9}},"7":{"start":{"line":29,"column":13},"end":{"line":29,"column":47}}},"fnMap":{"0":{"name":"(anonymous_0)","decl":{"start":{"line":12,"column":23},"end":{"line":12,"column":24}},"loc":{"start":{"line":12,"column":35},"end":{"line":14,"column":1}},"line":12},"1":{"name":"(anonymous_1)","decl":{"start":{"line":17,"column":26},"end":{"line":17,"column":27}},"loc":{"start":{"line":17,"column":41},"end":{"line":27,"column":1}},"line":17},"2":{"name":"(anonymous_2)","decl":{"start":{"line":21,"column":14},"end":{"line":21,"column":15}},"loc":{"start":{"line":21,"column":24},"end":{"line":25,"column":5}},"line":21}},"branchMap":{},"s":{"0":5,"1":5,"2":4,"3":5,"4":1,"5":1,"6":0,"7":5},"f":{"0":4,"1":1,"2":0},"b":{},"_coverageSchema":"1a1c01bbd47fc00a2c39e90264f33305004495a9","hash":"fd0d0afe5a68a40765c0168e6a035362a50b2c5e"}
,"/home/aydin/Develop/Projects/shoppingify/express/models/ShoppingList.js": {"path":"/home/aydin/Develop/Projects/shoppingify/express/models/ShoppingList.js","statementMap":{"0":{"start":{"line":3,"column":27},"end":{"line":15,"column":2}},"1":{"start":{"line":17,"column":0},"end":{"line":19,"column":3}},"2":{"start":{"line":18,"column":2},"end":{"line":18,"column":58}},"3":{"start":{"line":21,"column":0},"end":{"line":23,"column":3}},"4":{"start":{"line":22,"column":2},"end":{"line":22,"column":27}},"5":{"start":{"line":25,"column":21},"end":{"line":25,"column":71}}},"fnMap":{"0":{"name":"(anonymous_0)","decl":{"start":{"line":17,"column":34},"end":{"line":17,"column":35}},"loc":{"start":{"line":17,"column":46},"end":{"line":19,"column":1}},"line":17},"1":{"name":"(anonymous_1)","decl":{"start":{"line":21,"column":45},"end":{"line":21,"column":46}},"loc":{"start":{"line":21,"column":57},"end":{"line":23,"column":1}},"line":21}},"branchMap":{},"s":{"0":5,"1":5,"2":4,"3":5,"4":0,"5":5},"f":{"0":4,"1":0},"b":{},"_coverageSchema":"1a1c01bbd47fc00a2c39e90264f33305004495a9","hash":"5e988fc7d24bb70a380262b6ca7f60a574385410"}
,"/home/aydin/Develop/Projects/shoppingify/express/models/User.js": {"path":"/home/aydin/Develop/Projects/shoppingify/express/models/User.js","statementMap":{"0":{"start":{"line":4,"column":19},"end":{"line":8,"column":2}},"1":{"start":{"line":10,"column":0},"end":{"line":13,"column":3}},"2":{"start":{"line":11,"column":2},"end":{"line":11,"column":65}},"3":{"start":{"line":11,"column":21},"end":{"line":11,"column":65}},"4":{"start":{"line":12,"column":2},"end":{"line":12,"column":9}},"5":{"start":{"line":15,"column":0},"end":{"line":18,"column":3}},"6":{"start":{"line":16,"column":2},"end":{"line":16,"column":24}},"7":{"start":{"line":16,"column":12},"end":{"line":16,"column":24}},"8":{"start":{"line":17,"column":2},"end":{"line":17,"column":88}},"9":{"start":{"line":20,"column":13},"end":{"line":20,"column":47}}},"fnMap":{"0":{"name":"(anonymous_0)","decl":{"start":{"line":10,"column":23},"end":{"line":10,"column":24}},"loc":{"start":{"line":10,"column":39},"end":{"line":13,"column":1}},"line":10},"1":{"name":"(anonymous_1)","decl":{"start":{"line":15,"column":27},"end":{"line":15,"column":28}},"loc":{"start":{"line":15,"column":42},"end":{"line":18,"column":1}},"line":15}},"branchMap":{"0":{"loc":{"start":{"line":11,"column":2},"end":{"line":11,"column":65}},"type":"if","locations":[{"start":{"line":11,"column":2},"end":{"line":11,"column":65}},{"start":{},"end":{}}],"line":11},"1":{"loc":{"start":{"line":16,"column":2},"end":{"line":16,"column":24}},"type":"if","locations":[{"start":{"line":16,"column":2},"end":{"line":16,"column":24}},{"start":{},"end":{}}],"line":16}},"s":{"0":5,"1":5,"2":7,"3":7,"4":7,"5":5,"6":4,"7":1,"8":3,"9":5},"f":{"0":7,"1":4},"b":{"0":[7,0],"1":[1,3]},"_coverageSchema":"1a1c01bbd47fc00a2c39e90264f33305004495a9","hash":"4b8d6c6f41ecfb347bd1da50a774794d3e198759"}
,"/home/aydin/Develop/Projects/shoppingify/express/routes/auth.js": {"path":"/home/aydin/Develop/Projects/shoppingify/express/routes/auth.js","statementMap":{"0":{"start":{"line":6,"column":19},"end":{"line":6,"column":27}},"1":{"start":{"line":8,"column":0},"end":{"line":8,"column":55}},"2":{"start":{"line":9,"column":0},"end":{"line":9,"column":49}},"3":{"start":{"line":10,"column":0},"end":{"line":10,"column":47}}},"fnMap":{},"branchMap":{},"s":{"0":5,"1":5,"2":5,"3":5},"f":{},"b":{},"_coverageSchema":"1a1c01bbd47fc00a2c39e90264f33305004495a9","hash":"da0678d8d9ab7799ba798ce1d089185534bdd863"}
,"/home/aydin/Develop/Projects/shoppingify/express/routes/category.js": {"path":"/home/aydin/Develop/Projects/shoppingify/express/routes/category.js","statementMap":{"0":{"start":{"line":6,"column":18},"end":{"line":6,"column":26}},"1":{"start":{"line":8,"column":0},"end":{"line":8,"column":48}},"2":{"start":{"line":9,"column":0},"end":{"line":9,"column":76}}},"fnMap":{},"branchMap":{},"s":{"0":5,"1":5,"2":5},"f":{},"b":{},"_coverageSchema":"1a1c01bbd47fc00a2c39e90264f33305004495a9","hash":"965c7c599a0267c04116c76a4e374497205a7f4f"}
,"/home/aydin/Develop/Projects/shoppingify/express/routes/item.js": {"path":"/home/aydin/Develop/Projects/shoppingify/express/routes/item.js","statementMap":{"0":{"start":{"line":6,"column":19},"end":{"line":6,"column":27}},"1":{"start":{"line":8,"column":0},"end":{"line":8,"column":70}},"2":{"start":{"line":9,"column":0},"end":{"line":9,"column":64}},"3":{"start":{"line":10,"column":0},"end":{"line":10,"column":69}},"4":{"start":{"line":11,"column":0},"end":{"line":11,"column":47}}},"fnMap":{},"branchMap":{},"s":{"0":5,"1":5,"2":5,"3":5,"4":5},"f":{},"b":{},"_coverageSchema":"1a1c01bbd47fc00a2c39e90264f33305004495a9","hash":"2fe80b73e8dcab45faf54f0323021af9cf49408a"}
,"/home/aydin/Develop/Projects/shoppingify/express/routes/shoppingList.js": {"path":"/home/aydin/Develop/Projects/shoppingify/express/routes/shoppingList.js","statementMap":{"0":{"start":{"line":21,"column":27},"end":{"line":21,"column":35}},"1":{"start":{"line":23,"column":0},"end":{"line":23,"column":69}},"2":{"start":{"line":24,"column":0},"end":{"line":24,"column":93}},"3":{"start":{"line":26,"column":0},"end":{"line":26,"column":68}},"4":{"start":{"line":27,"column":0},"end":{"line":27,"column":90}},"5":{"start":{"line":28,"column":0},"end":{"line":28,"column":95}},"6":{"start":{"line":29,"column":0},"end":{"line":29,"column":100}},"7":{"start":{"line":30,"column":0},"end":{"line":30,"column":60}},"8":{"start":{"line":31,"column":0},"end":{"line":31,"column":70}},"9":{"start":{"line":32,"column":0},"end":{"line":32,"column":63}},"10":{"start":{"line":33,"column":0},"end":{"line":33,"column":80}}},"fnMap":{},"branchMap":{},"s":{"0":5,"1":5,"2":5,"3":5,"4":5,"5":5,"6":5,"7":5,"8":5,"9":5,"10":5},"f":{},"b":{},"_coverageSchema":"1a1c01bbd47fc00a2c39e90264f33305004495a9","hash":"5e4f86325fd02ff4752d216b06ddbc19ca861f99"}
,"/home/aydin/Develop/Projects/shoppingify/express/test/config/database.js": {"path":"/home/aydin/Develop/Projects/shoppingify/express/test/config/database.js","statementMap":{"0":{"start":{"line":3,"column":16},"end":{"line":7,"column":1}},"1":{"start":{"line":4,"column":2},"end":{"line":4,"column":31}},"2":{"start":{"line":5,"column":2},"end":{"line":5,"column":53}},"3":{"start":{"line":6,"column":2},"end":{"line":6,"column":16}},"4":{"start":{"line":9,"column":14},"end":{"line":16,"column":1}},"5":{"start":{"line":10,"column":2},"end":{"line":10,"column":29}},"6":{"start":{"line":11,"column":2},"end":{"line":11,"column":43}},"7":{"start":{"line":18,"column":14},"end":{"line":21,"column":1}},"8":{"start":{"line":19,"column":2},"end":{"line":19,"column":36}},"9":{"start":{"line":20,"column":2},"end":{"line":20,"column":36}}},"fnMap":{"0":{"name":"(anonymous_0)","decl":{"start":{"line":3,"column":16},"end":{"line":3,"column":17}},"loc":{"start":{"line":3,"column":28},"end":{"line":7,"column":1}},"line":3},"1":{"name":"(anonymous_1)","decl":{"start":{"line":9,"column":14},"end":{"line":9,"column":15}},"loc":{"start":{"line":9,"column":26},"end":{"line":16,"column":1}},"line":9},"2":{"name":"(anonymous_2)","decl":{"start":{"line":18,"column":14},"end":{"line":18,"column":15}},"loc":{"start":{"line":18,"column":26},"end":{"line":21,"column":1}},"line":18}},"branchMap":{},"s":{"0":5,"1":5,"2":5,"3":5,"4":5,"5":5,"6":5,"7":5,"8":5,"9":5},"f":{"0":5,"1":5,"2":5},"b":{},"_coverageSchema":"1a1c01bbd47fc00a2c39e90264f33305004495a9","hash":"17a058f69e4fa8ad3f7ae09ed3214dfb172ca25f"}
,"/home/aydin/Develop/Projects/shoppingify/express/utils/appError.js": {"path":"/home/aydin/Develop/Projects/shoppingify/express/utils/appError.js","statementMap":{"0":{"start":{"line":3,"column":4},"end":{"line":3,"column":19}},"1":{"start":{"line":5,"column":4},"end":{"line":5,"column":33}},"2":{"start":{"line":6,"column":4},"end":{"line":6,"column":69}},"3":{"start":{"line":7,"column":4},"end":{"line":7,"column":30}},"4":{"start":{"line":9,"column":4},"end":{"line":9,"column":52}}},"fnMap":{"0":{"name":"(anonymous_0)","decl":{"start":{"line":2,"column":2},"end":{"line":2,"column":3}},"loc":{"start":{"line":2,"column":35},"end":{"line":10,"column":3}},"line":2}},"branchMap":{"0":{"loc":{"start":{"line":6,"column":18},"end":{"line":6,"column":68}},"type":"cond-expr","locations":[{"start":{"line":6,"column":52},"end":{"line":6,"column":58}},{"start":{"line":6,"column":61},"end":{"line":6,"column":68}}],"line":6}},"s":{"0":14,"1":14,"2":14,"3":14,"4":14},"f":{"0":14},"b":{"0":[14,0]},"_coverageSchema":"1a1c01bbd47fc00a2c39e90264f33305004495a9","hash":"0595e8ddddc6eca18ede6d654e80d4a4196e4079"}
,"/home/aydin/Develop/Projects/shoppingify/express/utils/asyncHandler.js": {"path":"/home/aydin/Develop/Projects/shoppingify/express/utils/asyncHandler.js","statementMap":{"0":{"start":{"line":2,"column":2},"end":{"line":4,"column":4}},"1":{"start":{"line":3,"column":4},"end":{"line":3,"column":59}}},"fnMap":{"0":{"name":"asyncHandler","decl":{"start":{"line":1,"column":24},"end":{"line":1,"column":36}},"loc":{"start":{"line":1,"column":41},"end":{"line":5,"column":1}},"line":1},"1":{"name":"(anonymous_1)","decl":{"start":{"line":2,"column":9},"end":{"line":2,"column":10}},"loc":{"start":{"line":2,"column":29},"end":{"line":4,"column":3}},"line":2}},"branchMap":{},"s":{"0":95,"1":32},"f":{"0":95,"1":32},"b":{},"_coverageSchema":"1a1c01bbd47fc00a2c39e90264f33305004495a9","hash":"97b1aa7dfd5c28684096e85582a54e2d2d5f83ad"}
,"/home/aydin/Develop/Projects/shoppingify/express/utils/checkAuthorization.js": {"path":"/home/aydin/Develop/Projects/shoppingify/express/utils/checkAuthorization.js","statementMap":{"0":{"start":{"line":4,"column":2},"end":{"line":6,"column":3}},"1":{"start":{"line":5,"column":4},"end":{"line":5,"column":54}}},"fnMap":{"0":{"name":"checkOwner","decl":{"start":{"line":3,"column":16},"end":{"line":3,"column":26}},"loc":{"start":{"line":3,"column":65},"end":{"line":7,"column":1}},"line":3}},"branchMap":{"0":{"loc":{"start":{"line":4,"column":2},"end":{"line":6,"column":3}},"type":"if","locations":[{"start":{"line":4,"column":2},"end":{"line":6,"column":3}},{"start":{},"end":{}}],"line":4}},"s":{"0":3,"1":1},"f":{"0":3},"b":{"0":[1,2]},"_coverageSchema":"1a1c01bbd47fc00a2c39e90264f33305004495a9","hash":"a6734de4887844c998dbf379cd934c8d2786e4b4"}
,"/home/aydin/Develop/Projects/shoppingify/express/utils/token.js": {"path":"/home/aydin/Develop/Projects/shoppingify/express/utils/token.js","statementMap":{"0":{"start":{"line":4,"column":2},"end":{"line":4,"column":80}}},"fnMap":{"0":{"name":"generateToken","decl":{"start":{"line":3,"column":16},"end":{"line":3,"column":29}},"loc":{"start":{"line":3,"column":38},"end":{"line":5,"column":1}},"line":3}},"branchMap":{},"s":{"0":8},"f":{"0":8},"b":{},"_coverageSchema":"1a1c01bbd47fc00a2c39e90264f33305004495a9","hash":"f2cd2aa148d441a636494289ee556f38990b9b87"}
}
