TN:
SF:server.js
FN:26,(anonymous_0)
FN:29,(anonymous_1)
FN:47,(anonymous_2)
FN:51,(anonymous_3)
FN:58,(anonymous_4)
FNF:5
FNH:0
FNDA:0,(anonymous_0)
FNDA:0,(anonymous_1)
FNDA:0,(anonymous_2)
FNDA:0,(anonymous_3)
FNDA:0,(anonymous_4)
DA:17,5
DA:19,5
DA:20,5
DA:22,5
DA:24,5
DA:25,0
DA:27,0
DA:30,0
DA:35,5
DA:36,5
DA:37,5
DA:38,5
DA:39,5
DA:40,5
DA:41,5
DA:42,5
DA:43,5
DA:44,5
DA:45,5
DA:47,5
DA:48,0
DA:51,5
DA:52,0
DA:55,5
DA:57,5
DA:58,0
DA:59,0
LF:27
LH:20
BRDA:24,0,0,0
BRDA:24,0,1,5
BRDA:57,1,0,0
BRDA:57,1,1,5
BRDA:58,2,0,0
BRDA:58,2,1,0
BRF:6
BRH:2
end_of_record
TN:
SF:controllers/auth.js
FN:7,registerAsync
FN:16,loginAsync
FN:33,myProfileAsync
FNF:3
FNH:3
FNDA:7,registerAsync
FNDA:3,loginAsync
FNDA:1,myProfileAsync
DA:8,7
DA:10,7
DA:11,7
DA:12,7
DA:13,7
DA:17,3
DA:19,3
DA:20,3
DA:21,1
DA:24,2
DA:25,2
DA:26,1
DA:28,1
DA:29,1
DA:30,1
DA:34,1
DA:35,1
DA:36,0
DA:38,1
DA:41,5
DA:42,5
DA:43,5
LF:22
LH:21
BRDA:20,0,0,1
BRDA:20,0,1,2
BRDA:25,1,0,1
BRDA:25,1,1,1
BRDA:35,2,0,0
BRDA:35,2,1,1
BRF:6
BRH:5
end_of_record
TN:
SF:controllers/category.js
FN:5,getCategoriesAsync
FN:10,createCategoryAsync
FN:14,(anonymous_2)
FNF:3
FNH:3
FNDA:1,getCategoriesAsync
FNDA:2,createCategoryAsync
FNDA:1,(anonymous_2)
DA:6,1
DA:7,1
DA:11,2
DA:13,2
DA:14,2
DA:15,2
DA:16,1
DA:18,1
DA:19,1
DA:20,1
DA:23,5
DA:24,5
LF:12
LH:12
BRDA:15,0,0,1
BRDA:15,0,1,1
BRF:2
BRH:2
end_of_record
TN:
SF:controllers/item.js
FN:6,getItemAsync
FN:12,createItemAsync
FN:33,getAllItemsAsync
FN:38,deleteItemAsync
FNF:4
FNH:4
FNDA:1,getItemAsync
FNDA:5,createItemAsync
FNDA:1,getAllItemsAsync
FNDA:2,deleteItemAsync
DA:7,1
DA:8,1
DA:9,1
DA:13,5
DA:15,5
DA:20,5
DA:27,5
DA:28,5
DA:30,5
DA:34,1
DA:35,1
DA:39,2
DA:40,2
DA:41,2
DA:42,1
DA:43,1
DA:46,5
DA:47,5
DA:48,5
DA:49,5
LF:20
LH:20
BRF:0
BRH:0
end_of_record
TN:
SF:controllers/shoppingList.js
FN:9,createShoppingListAsync
FN:15,(anonymous_1)
FN:26,updateShoppingListAsync
FN:28,(anonymous_3)
FN:37,removeShoppingListAsync
FN:68,getAllShoppingListsOfUserAsync
FN:74,addItemAsync
FN:104,updateItemAsync
FN:113,(anonymous_8)
FN:122,getShoppingListAsync
FNF:10
FNH:5
FNDA:1,createShoppingListAsync
FNDA:2,(anonymous_1)
FNDA:0,updateShoppingListAsync
FNDA:0,(anonymous_3)
FNDA:0,removeShoppingListAsync
FNDA:1,getAllShoppingListsOfUserAsync
FNDA:1,addItemAsync
FNDA:0,updateItemAsync
FNDA:0,(anonymous_8)
FNDA:3,getShoppingListAsync
DA:10,1
DA:11,1
DA:13,1
DA:14,1
DA:15,1
DA:16,2
DA:18,2
DA:21,1
DA:22,1
DA:23,1
DA:27,0
DA:28,0
DA:29,0
DA:30,0
DA:33,0
DA:34,0
DA:38,0
DA:39,0
DA:40,0
DA:42,0
DA:43,0
DA:45,0
DA:46,0
DA:69,1
DA:71,1
DA:75,1
DA:76,1
DA:77,1
DA:78,1
DA:79,1
DA:83,1
DA:105,0
DA:106,0
DA:107,0
DA:108,0
DA:110,0
DA:111,0
DA:113,0
DA:114,0
DA:115,0
DA:116,0
DA:117,0
DA:119,0
DA:123,3
DA:124,3
DA:125,3
DA:126,1
DA:129,2
DA:130,1
DA:132,1
DA:135,5
DA:136,5
DA:137,5
DA:139,5
DA:140,5
DA:142,5
DA:143,5
LF:57
LH:32
BRDA:14,0,0,1
BRDA:14,0,1,0
BRDA:29,1,0,0
BRDA:29,1,1,0
BRDA:39,2,0,0
BRDA:39,2,1,0
BRDA:42,3,0,0
BRDA:42,3,1,0
BRDA:107,4,0,0
BRDA:107,4,1,0
BRDA:110,5,0,0
BRDA:110,5,1,0
BRDA:114,6,0,0
BRDA:114,6,1,0
BRDA:125,7,0,1
BRDA:125,7,1,2
BRDA:129,8,0,1
BRDA:129,8,1,1
BRF:18
BRH:5
end_of_record
TN:
SF:controllers/stats.js
FN:5,topItemsAsync
FN:22,topCategoriesAsync
FN:54,monthlyStatsAsync
FNF:3
FNH:3
FNDA:1,topItemsAsync
FNDA:1,topCategoriesAsync
FNDA:1,monthlyStatsAsync
DA:6,1
DA:19,1
DA:23,1
DA:51,1
DA:55,1
DA:74,1
DA:77,5
DA:78,5
DA:79,5
LF:9
LH:9
BRF:0
BRH:0
end_of_record
TN:
SF:middlewares/authenticate.js
FN:4,authenticate
FNF:1
FNH:1
FNDA:29,authenticate
DA:5,29
DA:6,0
DA:8,29
DA:10,29
DA:11,29
DA:12,28
DA:13,28
DA:15,1
LF:8
LH:7
BRDA:5,0,0,0
BRDA:5,0,1,29
BRF:2
BRH:1
end_of_record
TN:
SF:middlewares/errorHandler.js
FN:3,(anonymous_0)
FN:8,(anonymous_1)
FN:9,(anonymous_2)
FN:15,(anonymous_3)
FN:17,(anonymous_4)
FN:20,(anonymous_5)
FN:29,(anonymous_6)
FN:47,errorHandler
FNF:8
FNH:2
FNDA:0,(anonymous_0)
FNDA:0,(anonymous_1)
FNDA:0,(anonymous_2)
FNDA:0,(anonymous_3)
FNDA:0,(anonymous_4)
FNDA:0,(anonymous_5)
FNDA:14,(anonymous_6)
FNDA:14,errorHandler
DA:3,5
DA:4,0
DA:5,0
DA:8,5
DA:9,0
DA:11,0
DA:12,0
DA:15,5
DA:17,5
DA:18,0
DA:20,5
DA:21,0
DA:29,5
DA:31,14
DA:32,14
DA:39,0
DA:41,0
DA:48,14
DA:49,14
DA:51,14
DA:52,0
DA:54,14
DA:55,14
DA:57,14
DA:58,14
DA:59,14
DA:60,14
DA:62,14
LF:28
LH:18
BRDA:31,0,0,14
BRDA:31,0,1,0
BRDA:48,1,0,14
BRDA:48,1,1,0
BRDA:49,2,0,14
BRDA:49,2,1,0
BRDA:51,3,0,0
BRDA:51,3,1,14
BRDA:57,4,0,0
BRDA:57,4,1,14
BRDA:58,5,0,0
BRDA:58,5,1,14
BRDA:59,6,0,0
BRDA:59,6,1,14
BRDA:60,7,0,0
BRDA:60,7,1,14
BRF:16
BRH:8
end_of_record
TN:
SF:middlewares/validators.js
FN:4,(anonymous_0)
FNF:1
FNH:1
FNDA:34,(anonymous_0)
DA:4,5
DA:5,34
DA:6,8
DA:8,26
DA:11,5
DA:17,5
DA:22,5
DA:30,5
DA:32,5
DA:37,5
DA:43,5
DA:44,5
DA:50,5
LF:13
LH:13
BRDA:5,0,0,8
BRDA:5,0,1,26
BRF:2
BRH:2
end_of_record
TN:
SF:models/Category.js
FNF:0
FNH:0
DA:3,5
DA:9,5
LF:2
LH:2
BRF:0
BRH:0
end_of_record
TN:
SF:models/Item.js
FN:12,(anonymous_0)
FN:17,(anonymous_1)
FN:21,(anonymous_2)
FNF:3
FNH:2
FNDA:4,(anonymous_0)
FNDA:1,(anonymous_1)
FNDA:0,(anonymous_2)
DA:4,5
DA:12,5
DA:13,4
DA:17,5
DA:18,1
DA:20,1
DA:22,0
DA:29,5
LF:8
LH:7
BRF:0
BRH:0
end_of_record
TN:
SF:models/ShoppingList.js
FN:17,(anonymous_0)
FN:21,(anonymous_1)
FNF:2
FNH:1
FNDA:4,(anonymous_0)
FNDA:0,(anonymous_1)
DA:3,5
DA:17,5
DA:18,4
DA:21,5
DA:22,0
DA:25,5
LF:6
LH:5
BRF:0
BRH:0
end_of_record
TN:
SF:models/User.js
FN:10,(anonymous_0)
FN:15,(anonymous_1)
FNF:2
FNH:2
FNDA:7,(anonymous_0)
FNDA:4,(anonymous_1)
DA:4,5
DA:10,5
DA:11,7
DA:12,7
DA:15,5
DA:16,4
DA:17,3
DA:20,5
LF:8
LH:8
BRDA:11,0,0,7
BRDA:11,0,1,0
BRDA:16,1,0,1
BRDA:16,1,1,3
BRF:4
BRH:3
end_of_record
TN:
SF:routes/auth.js
FNF:0
FNH:0
DA:6,5
DA:8,5
DA:9,5
DA:10,5
LF:4
LH:4
BRF:0
BRH:0
end_of_record
TN:
SF:routes/category.js
FNF:0
FNH:0
DA:6,5
DA:8,5
DA:9,5
LF:3
LH:3
BRF:0
BRH:0
end_of_record
TN:
SF:routes/item.js
FNF:0
FNH:0
DA:6,5
DA:8,5
DA:9,5
DA:10,5
DA:11,5
LF:5
LH:5
BRF:0
BRH:0
end_of_record
TN:
SF:routes/shoppingList.js
FNF:0
FNH:0
DA:21,5
DA:23,5
DA:24,5
DA:26,5
DA:27,5
DA:28,5
DA:29,5
DA:30,5
DA:31,5
DA:32,5
DA:33,5
LF:11
LH:11
BRF:0
BRH:0
end_of_record
TN:
SF:test/config/database.js
FN:3,(anonymous_0)
FN:9,(anonymous_1)
FN:18,(anonymous_2)
FNF:3
FNH:3
FNDA:5,(anonymous_0)
FNDA:5,(anonymous_1)
FNDA:5,(anonymous_2)
DA:3,5
DA:4,5
DA:5,5
DA:6,5
DA:9,5
DA:10,5
DA:11,5
DA:18,5
DA:19,5
DA:20,5
LF:10
LH:10
BRF:0
BRH:0
end_of_record
TN:
SF:utils/appError.js
FN:2,(anonymous_0)
FNF:1
FNH:1
FNDA:14,(anonymous_0)
DA:3,14
DA:5,14
DA:6,14
DA:7,14
DA:9,14
LF:5
LH:5
BRDA:6,0,0,14
BRDA:6,0,1,0
BRF:2
BRH:1
end_of_record
TN:
SF:utils/asyncHandler.js
FN:1,asyncHandler
FN:2,(anonymous_1)
FNF:2
FNH:2
FNDA:95,asyncHandler
FNDA:32,(anonymous_1)
DA:2,95
DA:3,32
LF:2
LH:2
BRF:0
BRH:0
end_of_record
TN:
SF:utils/checkAuthorization.js
FN:3,checkOwner
FNF:1
FNH:1
FNDA:3,checkOwner
DA:4,3
DA:5,1
LF:2
LH:2
BRDA:4,0,0,1
BRDA:4,0,1,2
BRF:2
BRH:2
end_of_record
TN:
SF:utils/token.js
FN:3,generateToken
FNF:1
FNH:1
FNDA:8,generateToken
DA:4,8
LF:1
LH:1
BRF:0
BRH:0
end_of_record
